#Example log for data1: Only some numbers
#now this gets longer
#another line#####################################################################################
#####Data2.log in ######
#2020-10-09 11:48:51.802856
cd /home/paul/Git/inlog/examples
python3 Example.py Example.ini -s
#Program: Example.py
#Version: 1.2
#Input options: Example.ini
#**************************
#---DEFAULT---
#option1: Foo
#option2: 1
#option3: Foobar
#data: Data1.dat
#save: Data2.dat
#numbers: [1 2 3]
#**************************
#Output files created:
#%PATH% /home/paul/Git/inlog/examples/Data2.dat
#%HASH% 1f0de8217b259a5abc0e0566370e64f443f804ea8cc15fcb921a73edc1f1b204
