{
    "date": "2023-06-29 17:39:08.109599",
    "program": "/project/meteo/work/Paul.Ockenfuss/Git/inlog/examples/Example.py",
    "version": "2.0",
    "input": "Example.ini",
    "runtime": "0:00:00.015290",
    "options": {
        "standard": {
            "data": "Data1.dat",
            "intermediate": "Data2.dat",
            "result": "Data3.dat"
        }
    },
    "output_files": [
        {
            "path": "/project/meteo/work/Paul.Ockenfuss/Git/inlog/examples/Data3.dat",
            "hash": "c7ea7478cceb538451d5e1aa50f2b11d430af2f0383357d38b163ea2563bddfb"
        }
    ],
    "dependencies": {
        "/project/meteo/work/Paul.Ockenfuss/Git/inlog/examples/Data1.log": {
            "text": [
                "#Example log for data1: Only some numbers\n",
                "#now this gets longer\n",
                "#another line"
            ]
        },
        "/project/meteo/work/Paul.Ockenfuss/Git/inlog/examples/Data2.log": {
            "date": "2023-06-29 17:39:08.072160",
            "program": "/project/meteo/work/Paul.Ockenfuss/Git/inlog/examples/Example.py",
            "version": "2.0",
            "input": "Example.ini",
            "runtime": "0:00:00.034711",
            "options": {
                "standard": {
                    "data": "Data1.dat",
                    "intermediate": "Data2.dat"
                },
                "special": {
                    "numbers": [
                        1,
                        2,
                        3
                    ]
                }
            },
            "output_files": [
                {
                    "path": "/project/meteo/work/Paul.Ockenfuss/Git/inlog/examples/Data2.dat",
                    "hash": "0350072edb32360b241d9d87e6fa6bb02d4d6e377cd0fe6c6ecce7a9c0c382fa"
                }
            ],
            "dependencies": {
                "/project/meteo/work/Paul.Ockenfuss/Git/inlog/examples/Data1.log": {
                    "text": [
                        "#Example log for data1: Only some numbers\n",
                        "#now this gets longer\n",
                        "#another line"
                    ]
                }
            }
        }
    }
}