{
    "date": "2023-11-27 19:37:25.385796",
    "program": "/project/meteo/work/Paul.Ockenfuss/Git/inlog/examples/Script1.py",
    "arguments": [
        "Config1.yaml"
    ],
    "version": "1.0",
    "input": "Config1.yaml",
    "runtime": "0:00:00.003598",
    "options": {
        "section1": {
            "start": 1,
            "stop": 10,
            "increment": 2,
            "intermediate": "intermediateResult.dat"
        }
    },
    "output_files": [
        {
            "path": "/project/meteo/work/Paul.Ockenfuss/Git/inlog/examples/intermediateResult.dat",
            "hash": "22a23bcb0798a2b67902a51faad1d04fca6489abdc7c3f1ced983ac22658a721"
        }
    ],
    "dependencies": {}
}